
[94m============================================================[0m
[94m                    ì„¼ì„œ-ë°±ì—”ë“œ-í”„ë¡ íŠ¸ì—”ë“œ í†µí•© í…ŒìŠ¤íŠ¸                     [0m
[94m============================================================[0m

[94m[INFO][0m ì‹œì‘ ì‹œê°„: 2026-01-20 02:21:32
[94m[INFO][0m ë°±ì—”ë“œ URL: http://localhost:8000

[94m============================================================[0m
[94m                       1ë‹¨ê³„: ì¸í”„ë¼ ì—°ê²° í™•ì¸                       [0m
[94m============================================================[0m

Traceback (most recent call last):
  File "C:\Users\EL0100\Desktop\AzureRailLogistics\integration_test.py", line 67, in test_postgresql
    self.print_pass()
  File "C:\Users\EL0100\Desktop\AzureRailLogistics\integration_test.py", line 43, in print_pass
    print(f"{GREEN}\u2713 PASS{RESET}")
UnicodeEncodeError: 'cp949' codec can't encode character '\u2713' in position 5: illegal multibyte sequence

During handling of the above exception, another exception occurred:

Traceback (most recent call last):
  File "C:\Users\EL0100\Desktop\AzureRailLogistics\integration_test.py", line 260, in <module>
    success = tester.run_all_tests()
              ^^^^^^^^^^^^^^^^^^^^^^
  File "C:\Users\EL0100\Desktop\AzureRailLogistics\integration_test.py", line 214, in run_all_tests
    db_ok = self.test_postgresql()
            ^^^^^^^^^^^^^^^^^^^^^^
  File "C:\Users\EL0100\Desktop\AzureRailLogistics\integration_test.py", line 70, in test_postgresql
    self.print_fail(str(e))
  File "C:\Users\EL0100\Desktop\AzureRailLogistics\integration_test.py", line 47, in print_fail
    print(f"{RED}\u2717 FAIL{RESET}")
UnicodeEncodeError: 'cp949' codec can't encode character '\u2717' in position 5: illegal multibyte sequence
[93m[TEST][0m PostgreSQL ì—°ê²°... 
